2021-05-18 11:49:41,942:INFO:PyCaret Supervised Module
2021-05-18 11:49:41,946:INFO:ML Usecase: classification
2021-05-18 11:49:41,947:INFO:version 2.3.1
2021-05-18 11:49:41,947:INFO:Initializing setup()
2021-05-18 11:49:41,947:INFO:setup(target=churn, ml_usecase=classification, available_plots={'parameter': 'Hyperparameters', 'auc': 'AUC', 'confusion_matrix': 'Confusion Matrix', 'threshold': 'Threshold', 'pr': 'Precision Recall', 'error': 'Prediction Error', 'class_report': 'Class Report', 'rfe': 'Feature Selection', 'learning': 'Learning Curve', 'manifold': 'Manifold Learning', 'calibration': 'Calibration Curve', 'vc': 'Validation Curve', 'dimension': 'Dimensions', 'feature': 'Feature Importance', 'feature_all': 'Feature Importance (All)', 'boundary': 'Decision Boundary', 'lift': 'Lift Chart', 'gain': 'Gain Chart', 'tree': 'Decision Tree'}, train_size=0.7, test_data=None, preprocess=True, imputation_type=simple, iterative_imputation_iters=5, categorical_features=None, categorical_imputation=constant, categorical_iterative_imputer=lightgbm, ordinal_features=None, high_cardinality_features=None, high_cardinality_method=frequency, numeric_features=None, numeric_imputation=mean, numeric_iterative_imputer=lightgbm, date_features=None, ignore_features=None, normalize=False, normalize_method=zscore, transformation=False, transformation_method=yeo-johnson, handle_unknown_categorical=True, unknown_categorical_method=least_frequent, pca=False, pca_method=linear, pca_components=None, ignore_low_variance=False, combine_rare_levels=False, rare_level_threshold=0.1, bin_numeric_features=None, remove_outliers=False, outliers_threshold=0.05, remove_multicollinearity=False, multicollinearity_threshold=0.9, remove_perfect_collinearity=True, create_clusters=False, cluster_iter=20, polynomial_features=False, polynomial_degree=2, trigonometry_features=False, polynomial_threshold=0.1, group_features=None, group_names=None, feature_selection=False, feature_selection_threshold=0.8, feature_selection_method=classic, feature_interaction=False, feature_ratio=False, interaction_threshold=0.01, fix_imbalance=False, fix_imbalance_method=None, transform_target=False, transform_target_method=box-cox, data_split_shuffle=True, data_split_stratify=False, fold_strategy=stratifiedkfold, fold=10, fold_shuffle=False, fold_groups=None, n_jobs=-1, use_gpu=False, custom_pipeline=None, html=True, session_id=123, log_experiment=False, experiment_name=None, log_plots=False, log_profile=False, log_data=False, silent=False, verbose=True, profile=False, profile_kwargs=None, display=None)
2021-05-18 11:49:41,947:INFO:Checking environment
2021-05-18 11:49:41,947:INFO:python_version: 3.7.6
2021-05-18 11:49:41,947:INFO:python_build: ('default', 'Jan  8 2020 19:59:22')
2021-05-18 11:49:41,947:INFO:machine: x86_64
2021-05-18 11:49:41,949:INFO:platform: Linux-5.4.0-73-generic-x86_64-with-debian-buster-sid
2021-05-18 11:49:41,950:INFO:Memory: svmem(total=12058353664, available=8249479168, percent=31.6, used=3355922432, free=5789159424, active=3947659264, inactive=1712160768, buffers=372379648, cached=2540892160, shared=160600064, slab=272412672)
2021-05-18 11:49:41,951:INFO:Physical Core: 4
2021-05-18 11:49:41,952:INFO:Logical Core: 4
2021-05-18 11:49:41,952:INFO:Checking libraries
2021-05-18 11:49:41,952:INFO:pd==1.0.3
2021-05-18 11:49:41,952:INFO:numpy==1.19.5
2021-05-18 11:49:41,952:INFO:sklearn==0.23.2
2021-05-18 11:49:41,952:INFO:lightgbm==3.2.1
2021-05-18 11:49:42,069:INFO:catboost==0.25.1
2021-05-18 11:49:42,126:INFO:xgboost==1.4.1
2021-05-18 11:49:42,962:INFO:mlflow==1.16.0
2021-05-18 11:49:42,962:INFO:Checking Exceptions
2021-05-18 11:49:42,962:INFO:Declaring global variables
2021-05-18 11:49:42,962:INFO:USI: cd09
2021-05-18 11:49:42,963:INFO:pycaret_globals: {'n_jobs_param', 'X_train', 'X_test', 'target_param', 'iterative_imputation_iters_param', 'logging_param', 'transform_target_method_param', '_available_plots', 'create_model_container', '_gpu_n_jobs_param', 'data_before_preprocess', 'pycaret_globals', 'fold_groups_param_full', 'log_plots_param', 'gpu_param', 'html_param', 'stratify_param', 'transform_target_param', 'exp_name_log', 'fold_groups_param', 'fix_imbalance_method_param', 'fold_param', 'y_test', 'fold_shuffle_param', 'fold_generator', 'prep_pipe', 'y_train', 'USI', '_internal_pipeline', 'fix_imbalance_param', 'display_container', 'y', 'master_model_container', 'X', 'experiment__', 'imputation_regressor', '_all_models', '_all_models_internal', 'imputation_classifier', 'seed', '_all_metrics', '_ml_usecase'}
2021-05-18 11:49:42,963:INFO:Preparing display monitor
2021-05-18 11:49:42,963:INFO:Preparing display monitor
2021-05-18 11:49:42,995:INFO:Importing libraries
2021-05-18 11:49:42,995:INFO:Copying data for preprocessing
2021-05-18 11:49:43,015:INFO:Declaring preprocessing parameters
2021-05-18 11:49:43,019:INFO:Creating preprocessing pipeline
2021-05-18 11:49:43,057:INFO:Preprocessing pipeline created successfully
2021-05-18 11:49:43,057:ERROR:(Process Exit): setup has been interupted with user command 'quit'. setup must rerun.
2021-05-18 11:49:43,057:INFO:Creating global containers
2021-05-18 11:49:43,060:INFO:Internal pipeline: Pipeline(memory=None, steps=[('empty_step', 'passthrough')], verbose=False)
2021-05-18 11:49:45,473:INFO:Creating grid variables
2021-05-18 11:49:45,621:INFO:create_model_container: 0
2021-05-18 11:49:45,622:INFO:master_model_container: 0
2021-05-18 11:49:45,622:INFO:display_container: 1
2021-05-18 11:49:45,640:INFO:Pipeline(memory=None,
         steps=[('dtypes',
                 DataTypes_Auto_infer(categorical_features=[],
                                      display_types=True, features_todrop=[],
                                      id_columns=[],
                                      ml_usecase='classification',
                                      numerical_features=[], target='churn',
                                      time_features=[])),
                ('imputer',
                 Simple_Imputer(categorical_strategy='not_available',
                                fill_value_categorical=None,
                                fill_value_numerical=None,
                                numeric_strate...
                ('scaling', 'passthrough'), ('P_transform', 'passthrough'),
                ('binn', 'passthrough'), ('rem_outliers', 'passthrough'),
                ('cluster_all', 'passthrough'),
                ('dummy', Dummify(target='churn')),
                ('fix_perfect', Remove_100(target='churn')),
                ('clean_names', Clean_Colum_Names()),
                ('feature_select', 'passthrough'), ('fix_multi', 'passthrough'),
                ('dfs', 'passthrough'), ('pca', 'passthrough')],
         verbose=False)
2021-05-18 11:49:45,640:INFO:setup() succesfully completed......................................
2021-05-18 11:49:54,745:INFO:Initializing compare_models()
2021-05-18 11:49:54,748:INFO:compare_models(include=None, fold=None, round=4, cross_validation=True, sort=Accuracy, n_select=1, budget_time=None, turbo=True, errors=ignore, fit_kwargs=None, groups=None, verbose=True, display=None, exclude=None)
2021-05-18 11:49:54,749:INFO:Checking exceptions
2021-05-18 11:49:54,752:INFO:Preparing display monitor
2021-05-18 11:49:54,752:INFO:Preparing display monitor
2021-05-18 11:49:54,843:INFO:Initializing Logistic Regression
2021-05-18 11:49:54,846:INFO:Total runtime is 4.868110020955404e-05 minutes
2021-05-18 11:49:54,876:INFO:SubProcess create_model() called ==================================
2021-05-18 11:49:54,877:INFO:Initializing create_model()
2021-05-18 11:49:54,878:INFO:create_model(estimator=lr, fold=StratifiedKFold(n_splits=10, random_state=None, shuffle=False), round=4, cross_validation=True, predict=True, fit_kwargs={}, groups=None, refit=False, verbose=False, system=False, metrics=None, display=<pycaret.internal.Display.Display object at 0x7f6d9f01c610>, kwargs={})
2021-05-18 11:49:54,878:INFO:Checking exceptions
2021-05-18 11:49:54,878:INFO:Importing libraries
2021-05-18 11:49:54,878:INFO:Copying training dataset
2021-05-18 11:49:54,881:INFO:Defining folds
2021-05-18 11:49:54,882:INFO:Declaring metric variables
2021-05-18 11:49:54,907:INFO:Importing untrained model
2021-05-18 11:49:54,934:INFO:Logistic Regression Imported succesfully
2021-05-18 11:49:54,981:INFO:Starting cross validation
2021-05-18 11:49:54,982:INFO:Cross validating with StratifiedKFold(n_splits=10, random_state=None, shuffle=False), n_jobs=-1
2021-05-18 11:50:06,288:INFO:Calculating mean and std
2021-05-18 11:50:06,290:INFO:Creating metrics dataframe
2021-05-18 11:50:06,303:INFO:Uploading results into container
2021-05-18 11:50:06,304:INFO:Uploading model into container now
2021-05-18 11:50:06,304:INFO:create_model_container: 1
2021-05-18 11:50:06,304:INFO:master_model_container: 1
2021-05-18 11:50:06,304:INFO:display_container: 2
2021-05-18 11:50:06,305:INFO:LogisticRegression(C=1.0, class_weight=None, dual=False, fit_intercept=True,
                   intercept_scaling=1, l1_ratio=None, max_iter=1000,
                   multi_class='auto', n_jobs=None, penalty='l2',
                   random_state=123, solver='lbfgs', tol=0.0001, verbose=0,
                   warm_start=False)
2021-05-18 11:50:06,305:INFO:create_model() succesfully completed......................................
2021-05-18 11:50:06,509:INFO:SubProcess create_model() end ==================================
2021-05-18 11:50:06,510:INFO:Creating metrics dataframe
2021-05-18 11:50:06,543:INFO:Initializing K Neighbors Classifier
2021-05-18 11:50:06,544:INFO:Total runtime is 0.19500828981399537 minutes
2021-05-18 11:50:06,573:INFO:SubProcess create_model() called ==================================
2021-05-18 11:50:06,574:INFO:Initializing create_model()
2021-05-18 11:50:06,574:INFO:create_model(estimator=knn, fold=StratifiedKFold(n_splits=10, random_state=None, shuffle=False), round=4, cross_validation=True, predict=True, fit_kwargs={}, groups=None, refit=False, verbose=False, system=False, metrics=None, display=<pycaret.internal.Display.Display object at 0x7f6d9f01c610>, kwargs={})
2021-05-18 11:50:06,574:INFO:Checking exceptions
2021-05-18 11:50:06,574:INFO:Importing libraries
2021-05-18 11:50:06,574:INFO:Copying training dataset
2021-05-18 11:50:06,577:INFO:Defining folds
2021-05-18 11:50:06,577:INFO:Declaring metric variables
2021-05-18 11:50:06,609:INFO:Importing untrained model
2021-05-18 11:50:06,642:INFO:K Neighbors Classifier Imported succesfully
2021-05-18 11:50:06,718:INFO:Starting cross validation
2021-05-18 11:50:06,720:INFO:Cross validating with StratifiedKFold(n_splits=10, random_state=None, shuffle=False), n_jobs=-1
2021-05-18 11:50:07,753:INFO:Calculating mean and std
2021-05-18 11:50:07,755:INFO:Creating metrics dataframe
2021-05-18 11:50:07,765:INFO:Uploading results into container
2021-05-18 11:50:07,766:INFO:Uploading model into container now
2021-05-18 11:50:07,766:INFO:create_model_container: 2
2021-05-18 11:50:07,766:INFO:master_model_container: 2
2021-05-18 11:50:07,766:INFO:display_container: 2
2021-05-18 11:50:07,766:INFO:KNeighborsClassifier(algorithm='auto', leaf_size=30, metric='minkowski',
                     metric_params=None, n_jobs=-1, n_neighbors=5, p=2,
                     weights='uniform')
2021-05-18 11:50:07,767:INFO:create_model() succesfully completed......................................
2021-05-18 11:50:07,979:INFO:SubProcess create_model() end ==================================
2021-05-18 11:50:07,980:INFO:Creating metrics dataframe
2021-05-18 11:50:08,019:INFO:Initializing Naive Bayes
2021-05-18 11:50:08,020:INFO:Total runtime is 0.21960987647374472 minutes
2021-05-18 11:50:08,046:INFO:SubProcess create_model() called ==================================
2021-05-18 11:50:08,047:INFO:Initializing create_model()
2021-05-18 11:50:08,047:INFO:create_model(estimator=nb, fold=StratifiedKFold(n_splits=10, random_state=None, shuffle=False), round=4, cross_validation=True, predict=True, fit_kwargs={}, groups=None, refit=False, verbose=False, system=False, metrics=None, display=<pycaret.internal.Display.Display object at 0x7f6d9f01c610>, kwargs={})
2021-05-18 11:50:08,047:INFO:Checking exceptions
2021-05-18 11:50:08,048:INFO:Importing libraries
2021-05-18 11:50:08,048:INFO:Copying training dataset
2021-05-18 11:50:08,050:INFO:Defining folds
2021-05-18 11:50:08,051:INFO:Declaring metric variables
2021-05-18 11:50:08,077:INFO:Importing untrained model
2021-05-18 11:50:08,107:INFO:Naive Bayes Imported succesfully
2021-05-18 11:50:08,165:INFO:Starting cross validation
2021-05-18 11:50:08,169:INFO:Cross validating with StratifiedKFold(n_splits=10, random_state=None, shuffle=False), n_jobs=-1
2021-05-18 11:50:08,370:INFO:Calculating mean and std
2021-05-18 11:50:08,372:INFO:Creating metrics dataframe
2021-05-18 11:50:08,387:INFO:Uploading results into container
2021-05-18 11:50:08,387:INFO:Uploading model into container now
2021-05-18 11:50:08,388:INFO:create_model_container: 3
2021-05-18 11:50:08,388:INFO:master_model_container: 3
2021-05-18 11:50:08,388:INFO:display_container: 2
2021-05-18 11:50:08,388:INFO:GaussianNB(priors=None, var_smoothing=1e-09)
2021-05-18 11:50:08,388:INFO:create_model() succesfully completed......................................
2021-05-18 11:50:08,561:INFO:SubProcess create_model() end ==================================
2021-05-18 11:50:08,561:INFO:Creating metrics dataframe
2021-05-18 11:50:08,612:INFO:Initializing Decision Tree Classifier
2021-05-18 11:50:08,612:INFO:Total runtime is 0.22948689858118693 minutes
2021-05-18 11:50:08,638:INFO:SubProcess create_model() called ==================================
2021-05-18 11:50:08,639:INFO:Initializing create_model()
2021-05-18 11:50:08,640:INFO:create_model(estimator=dt, fold=StratifiedKFold(n_splits=10, random_state=None, shuffle=False), round=4, cross_validation=True, predict=True, fit_kwargs={}, groups=None, refit=False, verbose=False, system=False, metrics=None, display=<pycaret.internal.Display.Display object at 0x7f6d9f01c610>, kwargs={})
2021-05-18 11:50:08,640:INFO:Checking exceptions
2021-05-18 11:50:08,640:INFO:Importing libraries
2021-05-18 11:50:08,640:INFO:Copying training dataset
2021-05-18 11:50:08,643:INFO:Defining folds
2021-05-18 11:50:08,643:INFO:Declaring metric variables
2021-05-18 11:50:08,667:INFO:Importing untrained model
2021-05-18 11:50:08,692:INFO:Decision Tree Classifier Imported succesfully
2021-05-18 11:50:08,745:INFO:Starting cross validation
2021-05-18 11:50:08,747:INFO:Cross validating with StratifiedKFold(n_splits=10, random_state=None, shuffle=False), n_jobs=-1
2021-05-18 11:50:09,097:INFO:Calculating mean and std
2021-05-18 11:50:09,099:INFO:Creating metrics dataframe
2021-05-18 11:50:09,111:INFO:Uploading results into container
2021-05-18 11:50:09,112:INFO:Uploading model into container now
2021-05-18 11:50:09,112:INFO:create_model_container: 4
2021-05-18 11:50:09,112:INFO:master_model_container: 4
2021-05-18 11:50:09,112:INFO:display_container: 2
2021-05-18 11:50:09,114:INFO:DecisionTreeClassifier(ccp_alpha=0.0, class_weight=None, criterion='gini',
                       max_depth=None, max_features=None, max_leaf_nodes=None,
                       min_impurity_decrease=0.0, min_impurity_split=None,
                       min_samples_leaf=1, min_samples_split=2,
                       min_weight_fraction_leaf=0.0, presort='deprecated',
                       random_state=123, splitter='best')
2021-05-18 11:50:09,114:INFO:create_model() succesfully completed......................................
2021-05-18 11:50:09,291:INFO:SubProcess create_model() end ==================================
2021-05-18 11:50:09,291:INFO:Creating metrics dataframe
2021-05-18 11:50:09,341:INFO:Initializing SVM - Linear Kernel
2021-05-18 11:50:09,342:INFO:Total runtime is 0.24164382219314576 minutes
2021-05-18 11:50:09,368:INFO:SubProcess create_model() called ==================================
2021-05-18 11:50:09,369:INFO:Initializing create_model()
2021-05-18 11:50:09,370:INFO:create_model(estimator=svm, fold=StratifiedKFold(n_splits=10, random_state=None, shuffle=False), round=4, cross_validation=True, predict=True, fit_kwargs={}, groups=None, refit=False, verbose=False, system=False, metrics=None, display=<pycaret.internal.Display.Display object at 0x7f6d9f01c610>, kwargs={})
2021-05-18 11:50:09,370:INFO:Checking exceptions
2021-05-18 11:50:09,370:INFO:Importing libraries
2021-05-18 11:50:09,370:INFO:Copying training dataset
2021-05-18 11:50:09,373:INFO:Defining folds
2021-05-18 11:50:09,373:INFO:Declaring metric variables
2021-05-18 11:50:09,401:INFO:Importing untrained model
2021-05-18 11:50:09,431:INFO:SVM - Linear Kernel Imported succesfully
2021-05-18 11:50:09,507:INFO:Starting cross validation
2021-05-18 11:50:09,509:INFO:Cross validating with StratifiedKFold(n_splits=10, random_state=None, shuffle=False), n_jobs=-1
2021-05-18 11:50:10,010:INFO:Calculating mean and std
2021-05-18 11:50:10,012:INFO:Creating metrics dataframe
2021-05-18 11:50:10,027:INFO:Uploading results into container
2021-05-18 11:50:10,027:INFO:Uploading model into container now
2021-05-18 11:50:10,027:INFO:create_model_container: 5
2021-05-18 11:50:10,027:INFO:master_model_container: 5
2021-05-18 11:50:10,027:INFO:display_container: 2
2021-05-18 11:50:10,029:INFO:SGDClassifier(alpha=0.0001, average=False, class_weight=None,
              early_stopping=False, epsilon=0.1, eta0=0.001, fit_intercept=True,
              l1_ratio=0.15, learning_rate='optimal', loss='hinge',
              max_iter=1000, n_iter_no_change=5, n_jobs=-1, penalty='l2',
              power_t=0.5, random_state=123, shuffle=True, tol=0.001,
              validation_fraction=0.1, verbose=0, warm_start=False)
2021-05-18 11:50:10,029:INFO:create_model() succesfully completed......................................
2021-05-18 11:50:10,202:INFO:SubProcess create_model() end ==================================
2021-05-18 11:50:10,202:INFO:Creating metrics dataframe
2021-05-18 11:50:10,255:INFO:Initializing Ridge Classifier
2021-05-18 11:50:10,255:INFO:Total runtime is 0.2568673610687256 minutes
2021-05-18 11:50:10,283:INFO:SubProcess create_model() called ==================================
2021-05-18 11:50:10,283:INFO:Initializing create_model()
2021-05-18 11:50:10,283:INFO:create_model(estimator=ridge, fold=StratifiedKFold(n_splits=10, random_state=None, shuffle=False), round=4, cross_validation=True, predict=True, fit_kwargs={}, groups=None, refit=False, verbose=False, system=False, metrics=None, display=<pycaret.internal.Display.Display object at 0x7f6d9f01c610>, kwargs={})
2021-05-18 11:50:10,284:INFO:Checking exceptions
2021-05-18 11:50:10,284:INFO:Importing libraries
2021-05-18 11:50:10,284:INFO:Copying training dataset
2021-05-18 11:50:10,287:INFO:Defining folds
2021-05-18 11:50:10,287:INFO:Declaring metric variables
2021-05-18 11:50:10,323:INFO:Importing untrained model
2021-05-18 11:50:10,357:INFO:Ridge Classifier Imported succesfully
2021-05-18 11:50:10,428:INFO:Starting cross validation
2021-05-18 11:50:10,431:INFO:Cross validating with StratifiedKFold(n_splits=10, random_state=None, shuffle=False), n_jobs=-1
2021-05-18 11:50:10,654:INFO:Calculating mean and std
2021-05-18 11:50:10,656:INFO:Creating metrics dataframe
2021-05-18 11:50:10,669:INFO:Uploading results into container
2021-05-18 11:50:10,670:INFO:Uploading model into container now
2021-05-18 11:50:10,670:INFO:create_model_container: 6
2021-05-18 11:50:10,670:INFO:master_model_container: 6
2021-05-18 11:50:10,670:INFO:display_container: 2
2021-05-18 11:50:10,671:INFO:RidgeClassifier(alpha=1.0, class_weight=None, copy_X=True, fit_intercept=True,
                max_iter=None, normalize=False, random_state=123, solver='auto',
                tol=0.001)
2021-05-18 11:50:10,671:INFO:create_model() succesfully completed......................................
2021-05-18 11:50:10,852:INFO:SubProcess create_model() end ==================================
2021-05-18 11:50:10,853:INFO:Creating metrics dataframe
2021-05-18 11:50:10,913:INFO:Initializing Random Forest Classifier
2021-05-18 11:50:10,913:INFO:Total runtime is 0.2678361415863037 minutes
2021-05-18 11:50:10,941:INFO:SubProcess create_model() called ==================================
2021-05-18 11:50:10,942:INFO:Initializing create_model()
2021-05-18 11:50:10,943:INFO:create_model(estimator=rf, fold=StratifiedKFold(n_splits=10, random_state=None, shuffle=False), round=4, cross_validation=True, predict=True, fit_kwargs={}, groups=None, refit=False, verbose=False, system=False, metrics=None, display=<pycaret.internal.Display.Display object at 0x7f6d9f01c610>, kwargs={})
2021-05-18 11:50:10,943:INFO:Checking exceptions
2021-05-18 11:50:10,943:INFO:Importing libraries
2021-05-18 11:50:10,943:INFO:Copying training dataset
2021-05-18 11:50:10,946:INFO:Defining folds
2021-05-18 11:50:10,946:INFO:Declaring metric variables
2021-05-18 11:50:10,976:INFO:Importing untrained model
2021-05-18 11:50:11,009:INFO:Random Forest Classifier Imported succesfully
2021-05-18 11:50:11,085:INFO:Starting cross validation
2021-05-18 11:50:11,087:INFO:Cross validating with StratifiedKFold(n_splits=10, random_state=None, shuffle=False), n_jobs=-1
2021-05-18 11:50:16,143:INFO:Calculating mean and std
2021-05-18 11:50:16,147:INFO:Creating metrics dataframe
2021-05-18 11:50:16,160:INFO:Uploading results into container
2021-05-18 11:50:16,161:INFO:Uploading model into container now
2021-05-18 11:50:16,161:INFO:create_model_container: 7
2021-05-18 11:50:16,162:INFO:master_model_container: 7
2021-05-18 11:50:16,162:INFO:display_container: 2
2021-05-18 11:50:16,163:INFO:RandomForestClassifier(bootstrap=True, ccp_alpha=0.0, class_weight=None,
                       criterion='gini', max_depth=None, max_features='auto',
                       max_leaf_nodes=None, max_samples=None,
                       min_impurity_decrease=0.0, min_impurity_split=None,
                       min_samples_leaf=1, min_samples_split=2,
                       min_weight_fraction_leaf=0.0, n_estimators=100,
                       n_jobs=-1, oob_score=False, random_state=123, verbose=0,
                       warm_start=False)
2021-05-18 11:50:16,164:INFO:create_model() succesfully completed......................................
2021-05-18 11:50:16,359:INFO:SubProcess create_model() end ==================================
2021-05-18 11:50:16,360:INFO:Creating metrics dataframe
2021-05-18 11:50:16,415:INFO:Initializing Quadratic Discriminant Analysis
2021-05-18 11:50:16,416:INFO:Total runtime is 0.3595465381940206 minutes
2021-05-18 11:50:16,438:INFO:SubProcess create_model() called ==================================
2021-05-18 11:50:16,439:INFO:Initializing create_model()
2021-05-18 11:50:16,439:INFO:create_model(estimator=qda, fold=StratifiedKFold(n_splits=10, random_state=None, shuffle=False), round=4, cross_validation=True, predict=True, fit_kwargs={}, groups=None, refit=False, verbose=False, system=False, metrics=None, display=<pycaret.internal.Display.Display object at 0x7f6d9f01c610>, kwargs={})
2021-05-18 11:50:16,439:INFO:Checking exceptions
2021-05-18 11:50:16,439:INFO:Importing libraries
2021-05-18 11:50:16,439:INFO:Copying training dataset
2021-05-18 11:50:16,442:INFO:Defining folds
2021-05-18 11:50:16,442:INFO:Declaring metric variables
2021-05-18 11:50:16,462:INFO:Importing untrained model
2021-05-18 11:50:16,489:INFO:Quadratic Discriminant Analysis Imported succesfully
2021-05-18 11:50:16,539:INFO:Starting cross validation
2021-05-18 11:50:16,540:INFO:Cross validating with StratifiedKFold(n_splits=10, random_state=None, shuffle=False), n_jobs=-1
2021-05-18 11:50:16,777:INFO:Calculating mean and std
2021-05-18 11:50:16,779:INFO:Creating metrics dataframe
2021-05-18 11:50:16,791:INFO:Uploading results into container
2021-05-18 11:50:16,791:INFO:Uploading model into container now
2021-05-18 11:50:16,792:INFO:create_model_container: 8
2021-05-18 11:50:16,792:INFO:master_model_container: 8
2021-05-18 11:50:16,792:INFO:display_container: 2
2021-05-18 11:50:16,792:INFO:QuadraticDiscriminantAnalysis(priors=None, reg_param=0.0,
                              store_covariance=False, tol=0.0001)
2021-05-18 11:50:16,793:INFO:create_model() succesfully completed......................................
2021-05-18 11:50:16,972:INFO:SubProcess create_model() end ==================================
2021-05-18 11:50:16,972:INFO:Creating metrics dataframe
2021-05-18 11:50:17,033:INFO:Initializing Ada Boost Classifier
2021-05-18 11:50:17,033:INFO:Total runtime is 0.3698391596476237 minutes
2021-05-18 11:50:17,056:INFO:SubProcess create_model() called ==================================
2021-05-18 11:50:17,056:INFO:Initializing create_model()
2021-05-18 11:50:17,056:INFO:create_model(estimator=ada, fold=StratifiedKFold(n_splits=10, random_state=None, shuffle=False), round=4, cross_validation=True, predict=True, fit_kwargs={}, groups=None, refit=False, verbose=False, system=False, metrics=None, display=<pycaret.internal.Display.Display object at 0x7f6d9f01c610>, kwargs={})
2021-05-18 11:50:17,057:INFO:Checking exceptions
2021-05-18 11:50:17,057:INFO:Importing libraries
2021-05-18 11:50:17,057:INFO:Copying training dataset
2021-05-18 11:50:17,059:INFO:Defining folds
2021-05-18 11:50:17,059:INFO:Declaring metric variables
2021-05-18 11:50:17,086:INFO:Importing untrained model
2021-05-18 11:50:17,112:INFO:Ada Boost Classifier Imported succesfully
2021-05-18 11:50:17,170:INFO:Starting cross validation
2021-05-18 11:50:17,172:INFO:Cross validating with StratifiedKFold(n_splits=10, random_state=None, shuffle=False), n_jobs=-1
2021-05-18 11:50:18,759:INFO:Calculating mean and std
2021-05-18 11:50:18,762:INFO:Creating metrics dataframe
2021-05-18 11:50:18,776:INFO:Uploading results into container
2021-05-18 11:50:18,777:INFO:Uploading model into container now
2021-05-18 11:50:18,777:INFO:create_model_container: 9
2021-05-18 11:50:18,777:INFO:master_model_container: 9
2021-05-18 11:50:18,777:INFO:display_container: 2
2021-05-18 11:50:18,778:INFO:AdaBoostClassifier(algorithm='SAMME.R', base_estimator=None, learning_rate=1.0,
                   n_estimators=50, random_state=123)
2021-05-18 11:50:18,778:INFO:create_model() succesfully completed......................................
2021-05-18 11:50:18,957:INFO:SubProcess create_model() end ==================================
2021-05-18 11:50:18,957:INFO:Creating metrics dataframe
2021-05-18 11:50:19,038:INFO:Initializing Gradient Boosting Classifier
2021-05-18 11:50:19,039:INFO:Total runtime is 0.40326577027638755 minutes
2021-05-18 11:50:19,060:INFO:SubProcess create_model() called ==================================
2021-05-18 11:50:19,061:INFO:Initializing create_model()
2021-05-18 11:50:19,061:INFO:create_model(estimator=gbc, fold=StratifiedKFold(n_splits=10, random_state=None, shuffle=False), round=4, cross_validation=True, predict=True, fit_kwargs={}, groups=None, refit=False, verbose=False, system=False, metrics=None, display=<pycaret.internal.Display.Display object at 0x7f6d9f01c610>, kwargs={})
2021-05-18 11:50:19,062:INFO:Checking exceptions
2021-05-18 11:50:19,062:INFO:Importing libraries
2021-05-18 11:50:19,062:INFO:Copying training dataset
2021-05-18 11:50:19,064:INFO:Defining folds
2021-05-18 11:50:19,064:INFO:Declaring metric variables
2021-05-18 11:50:19,087:INFO:Importing untrained model
2021-05-18 11:50:19,119:INFO:Gradient Boosting Classifier Imported succesfully
2021-05-18 11:50:19,176:INFO:Starting cross validation
2021-05-18 11:50:19,178:INFO:Cross validating with StratifiedKFold(n_splits=10, random_state=None, shuffle=False), n_jobs=-1
2021-05-18 11:50:23,140:INFO:Calculating mean and std
2021-05-18 11:50:23,143:INFO:Creating metrics dataframe
2021-05-18 11:50:23,158:INFO:Uploading results into container
2021-05-18 11:50:23,158:INFO:Uploading model into container now
2021-05-18 11:50:23,159:INFO:create_model_container: 10
2021-05-18 11:50:23,159:INFO:master_model_container: 10
2021-05-18 11:50:23,159:INFO:display_container: 2
2021-05-18 11:50:23,160:INFO:GradientBoostingClassifier(ccp_alpha=0.0, criterion='friedman_mse', init=None,
                           learning_rate=0.1, loss='deviance', max_depth=3,
                           max_features=None, max_leaf_nodes=None,
                           min_impurity_decrease=0.0, min_impurity_split=None,
                           min_samples_leaf=1, min_samples_split=2,
                           min_weight_fraction_leaf=0.0, n_estimators=100,
                           n_iter_no_change=None, presort='deprecated',
                           random_state=123, subsample=1.0, tol=0.0001,
                           validation_fraction=0.1, verbose=0,
                           warm_start=False)
2021-05-18 11:50:23,161:INFO:create_model() succesfully completed......................................
2021-05-18 11:50:23,335:INFO:SubProcess create_model() end ==================================
2021-05-18 11:50:23,335:INFO:Creating metrics dataframe
2021-05-18 11:50:23,419:INFO:Initializing Linear Discriminant Analysis
2021-05-18 11:50:23,419:INFO:Total runtime is 0.4762708107630412 minutes
2021-05-18 11:50:23,439:INFO:SubProcess create_model() called ==================================
2021-05-18 11:50:23,440:INFO:Initializing create_model()
2021-05-18 11:50:23,440:INFO:create_model(estimator=lda, fold=StratifiedKFold(n_splits=10, random_state=None, shuffle=False), round=4, cross_validation=True, predict=True, fit_kwargs={}, groups=None, refit=False, verbose=False, system=False, metrics=None, display=<pycaret.internal.Display.Display object at 0x7f6d9f01c610>, kwargs={})
2021-05-18 11:50:23,440:INFO:Checking exceptions
2021-05-18 11:50:23,440:INFO:Importing libraries
2021-05-18 11:50:23,441:INFO:Copying training dataset
2021-05-18 11:50:23,443:INFO:Defining folds
2021-05-18 11:50:23,443:INFO:Declaring metric variables
2021-05-18 11:50:23,466:INFO:Importing untrained model
2021-05-18 11:50:23,493:INFO:Linear Discriminant Analysis Imported succesfully
2021-05-18 11:50:23,550:INFO:Starting cross validation
2021-05-18 11:50:23,551:INFO:Cross validating with StratifiedKFold(n_splits=10, random_state=None, shuffle=False), n_jobs=-1
2021-05-18 11:50:23,870:INFO:Calculating mean and std
2021-05-18 11:50:23,871:INFO:Creating metrics dataframe
2021-05-18 11:50:23,883:INFO:Uploading results into container
2021-05-18 11:50:23,883:INFO:Uploading model into container now
2021-05-18 11:50:23,883:INFO:create_model_container: 11
2021-05-18 11:50:23,885:INFO:master_model_container: 11
2021-05-18 11:50:23,885:INFO:display_container: 2
2021-05-18 11:50:23,886:INFO:LinearDiscriminantAnalysis(n_components=None, priors=None, shrinkage=None,
                           solver='svd', store_covariance=False, tol=0.0001)
2021-05-18 11:50:23,886:INFO:create_model() succesfully completed......................................
2021-05-18 11:50:24,062:INFO:SubProcess create_model() end ==================================
2021-05-18 11:50:24,062:INFO:Creating metrics dataframe
2021-05-18 11:50:24,134:INFO:Initializing Extra Trees Classifier
2021-05-18 11:50:24,134:INFO:Total runtime is 0.48818978865941365 minutes
2021-05-18 11:50:24,157:INFO:SubProcess create_model() called ==================================
2021-05-18 11:50:24,157:INFO:Initializing create_model()
2021-05-18 11:50:24,158:INFO:create_model(estimator=et, fold=StratifiedKFold(n_splits=10, random_state=None, shuffle=False), round=4, cross_validation=True, predict=True, fit_kwargs={}, groups=None, refit=False, verbose=False, system=False, metrics=None, display=<pycaret.internal.Display.Display object at 0x7f6d9f01c610>, kwargs={})
2021-05-18 11:50:24,158:INFO:Checking exceptions
2021-05-18 11:50:24,158:INFO:Importing libraries
2021-05-18 11:50:24,158:INFO:Copying training dataset
2021-05-18 11:50:24,161:INFO:Defining folds
2021-05-18 11:50:24,161:INFO:Declaring metric variables
2021-05-18 11:50:24,188:INFO:Importing untrained model
2021-05-18 11:50:24,221:INFO:Extra Trees Classifier Imported succesfully
2021-05-18 11:50:24,278:INFO:Starting cross validation
2021-05-18 11:50:24,281:INFO:Cross validating with StratifiedKFold(n_splits=10, random_state=None, shuffle=False), n_jobs=-1
2021-05-18 11:50:28,405:INFO:Calculating mean and std
2021-05-18 11:50:28,406:INFO:Creating metrics dataframe
2021-05-18 11:50:28,415:INFO:Uploading results into container
2021-05-18 11:50:28,415:INFO:Uploading model into container now
2021-05-18 11:50:28,416:INFO:create_model_container: 12
2021-05-18 11:50:28,416:INFO:master_model_container: 12
2021-05-18 11:50:28,416:INFO:display_container: 2
2021-05-18 11:50:28,417:INFO:ExtraTreesClassifier(bootstrap=False, ccp_alpha=0.0, class_weight=None,
                     criterion='gini', max_depth=None, max_features='auto',
                     max_leaf_nodes=None, max_samples=None,
                     min_impurity_decrease=0.0, min_impurity_split=None,
                     min_samples_leaf=1, min_samples_split=2,
                     min_weight_fraction_leaf=0.0, n_estimators=100, n_jobs=-1,
                     oob_score=False, random_state=123, verbose=0,
                     warm_start=False)
2021-05-18 11:50:28,417:INFO:create_model() succesfully completed......................................
2021-05-18 11:50:28,595:INFO:SubProcess create_model() end ==================================
2021-05-18 11:50:28,595:INFO:Creating metrics dataframe
2021-05-18 11:50:28,675:INFO:Initializing Extreme Gradient Boosting
2021-05-18 11:50:28,676:INFO:Total runtime is 0.5638791799545289 minutes
2021-05-18 11:50:28,700:INFO:SubProcess create_model() called ==================================
2021-05-18 11:50:28,701:INFO:Initializing create_model()
2021-05-18 11:50:28,701:INFO:create_model(estimator=xgboost, fold=StratifiedKFold(n_splits=10, random_state=None, shuffle=False), round=4, cross_validation=True, predict=True, fit_kwargs={}, groups=None, refit=False, verbose=False, system=False, metrics=None, display=<pycaret.internal.Display.Display object at 0x7f6d9f01c610>, kwargs={})
2021-05-18 11:50:28,701:INFO:Checking exceptions
2021-05-18 11:50:28,702:INFO:Importing libraries
2021-05-18 11:50:28,702:INFO:Copying training dataset
2021-05-18 11:50:28,704:INFO:Defining folds
2021-05-18 11:50:28,705:INFO:Declaring metric variables
2021-05-18 11:50:28,736:INFO:Importing untrained model
2021-05-18 11:50:28,764:INFO:Extreme Gradient Boosting Imported succesfully
2021-05-18 11:50:28,815:INFO:Starting cross validation
2021-05-18 11:50:28,819:INFO:Cross validating with StratifiedKFold(n_splits=10, random_state=None, shuffle=False), n_jobs=-1
2021-05-18 11:50:38,433:INFO:Calculating mean and std
2021-05-18 11:50:38,435:INFO:Creating metrics dataframe
2021-05-18 11:50:38,450:INFO:Uploading results into container
2021-05-18 11:50:38,451:INFO:Uploading model into container now
2021-05-18 11:50:38,451:INFO:create_model_container: 13
2021-05-18 11:50:38,451:INFO:master_model_container: 13
2021-05-18 11:50:38,451:INFO:display_container: 2
2021-05-18 11:50:38,453:INFO:XGBClassifier(base_score=None, booster='gbtree', colsample_bylevel=None,
              colsample_bynode=None, colsample_bytree=None, gamma=None,
              gpu_id=None, importance_type='gain', interaction_constraints=None,
              learning_rate=None, max_delta_step=None, max_depth=None,
              min_child_weight=None, missing=nan, monotone_constraints=None,
              n_estimators=100, n_jobs=-1, num_parallel_tree=None,
              objective='binary:logistic', random_state=123, reg_alpha=None,
              reg_lambda=None, scale_pos_weight=None, subsample=None,
              tree_method='auto', use_label_encoder=True,
              validate_parameters=None, verbosity=0)
2021-05-18 11:50:38,453:INFO:create_model() succesfully completed......................................
2021-05-18 11:50:38,625:INFO:SubProcess create_model() end ==================================
2021-05-18 11:50:38,626:INFO:Creating metrics dataframe
2021-05-18 11:50:38,708:INFO:Initializing Light Gradient Boosting Machine
2021-05-18 11:50:38,709:INFO:Total runtime is 0.7310936013857524 minutes
2021-05-18 11:50:38,732:INFO:SubProcess create_model() called ==================================
2021-05-18 11:50:38,733:INFO:Initializing create_model()
2021-05-18 11:50:38,733:INFO:create_model(estimator=lightgbm, fold=StratifiedKFold(n_splits=10, random_state=None, shuffle=False), round=4, cross_validation=True, predict=True, fit_kwargs={}, groups=None, refit=False, verbose=False, system=False, metrics=None, display=<pycaret.internal.Display.Display object at 0x7f6d9f01c610>, kwargs={})
2021-05-18 11:50:38,733:INFO:Checking exceptions
2021-05-18 11:50:38,733:INFO:Importing libraries
2021-05-18 11:50:38,733:INFO:Copying training dataset
2021-05-18 11:50:38,735:INFO:Defining folds
2021-05-18 11:50:38,736:INFO:Declaring metric variables
2021-05-18 11:50:38,762:INFO:Importing untrained model
2021-05-18 11:50:38,796:INFO:Light Gradient Boosting Machine Imported succesfully
2021-05-18 11:50:38,861:INFO:Starting cross validation
2021-05-18 11:50:38,862:INFO:Cross validating with StratifiedKFold(n_splits=10, random_state=None, shuffle=False), n_jobs=-1
2021-05-18 11:50:45,859:INFO:Calculating mean and std
2021-05-18 11:50:45,861:INFO:Creating metrics dataframe
2021-05-18 11:50:45,872:INFO:Uploading results into container
2021-05-18 11:50:45,872:INFO:Uploading model into container now
2021-05-18 11:50:45,872:INFO:create_model_container: 14
2021-05-18 11:50:45,872:INFO:master_model_container: 14
2021-05-18 11:50:45,872:INFO:display_container: 2
2021-05-18 11:50:45,873:INFO:LGBMClassifier(boosting_type='gbdt', class_weight=None, colsample_bytree=1.0,
               importance_type='split', learning_rate=0.1, max_depth=-1,
               min_child_samples=20, min_child_weight=0.001, min_split_gain=0.0,
               n_estimators=100, n_jobs=-1, num_leaves=31, objective=None,
               random_state=123, reg_alpha=0.0, reg_lambda=0.0, silent=True,
               subsample=1.0, subsample_for_bin=200000, subsample_freq=0)
2021-05-18 11:50:45,874:INFO:create_model() succesfully completed......................................
2021-05-18 11:50:46,068:INFO:SubProcess create_model() end ==================================
2021-05-18 11:50:46,068:INFO:Creating metrics dataframe
2021-05-18 11:50:46,156:INFO:Initializing CatBoost Classifier
2021-05-18 11:50:46,156:INFO:Total runtime is 0.8552220821380616 minutes
2021-05-18 11:50:46,179:INFO:SubProcess create_model() called ==================================
2021-05-18 11:50:46,180:INFO:Initializing create_model()
2021-05-18 11:50:46,180:INFO:create_model(estimator=catboost, fold=StratifiedKFold(n_splits=10, random_state=None, shuffle=False), round=4, cross_validation=True, predict=True, fit_kwargs={}, groups=None, refit=False, verbose=False, system=False, metrics=None, display=<pycaret.internal.Display.Display object at 0x7f6d9f01c610>, kwargs={})
2021-05-18 11:50:46,180:INFO:Checking exceptions
2021-05-18 11:50:46,181:INFO:Importing libraries
2021-05-18 11:50:46,181:INFO:Copying training dataset
2021-05-18 11:50:46,183:INFO:Defining folds
2021-05-18 11:50:46,183:INFO:Declaring metric variables
2021-05-18 11:50:46,208:INFO:Importing untrained model
2021-05-18 11:50:46,242:INFO:CatBoost Classifier Imported succesfully
2021-05-18 11:50:46,291:INFO:Starting cross validation
2021-05-18 11:50:46,294:INFO:Cross validating with StratifiedKFold(n_splits=10, random_state=None, shuffle=False), n_jobs=-1
2021-05-18 11:51:24,488:INFO:Calculating mean and std
2021-05-18 11:51:24,493:INFO:Creating metrics dataframe
2021-05-18 11:51:24,505:INFO:Uploading results into container
2021-05-18 11:51:24,505:INFO:Uploading model into container now
2021-05-18 11:51:24,505:INFO:create_model_container: 15
2021-05-18 11:51:24,506:INFO:master_model_container: 15
2021-05-18 11:51:24,506:INFO:display_container: 2
2021-05-18 11:51:24,506:INFO:<catboost.core.CatBoostClassifier object at 0x7f6d8ecb9990>
2021-05-18 11:51:24,506:INFO:create_model() succesfully completed......................................
2021-05-18 11:51:24,701:INFO:SubProcess create_model() end ==================================
2021-05-18 11:51:24,702:INFO:Creating metrics dataframe
2021-05-18 11:51:24,870:INFO:Initializing create_model()
2021-05-18 11:51:24,870:INFO:create_model(estimator=<catboost.core.CatBoostClassifier object at 0x7f6d8ecb9990>, fold=StratifiedKFold(n_splits=10, random_state=None, shuffle=False), round=4, cross_validation=False, predict=False, fit_kwargs={}, groups=None, refit=True, verbose=False, system=False, metrics=None, display=None, kwargs={})
2021-05-18 11:51:24,870:INFO:Checking exceptions
2021-05-18 11:51:24,871:INFO:Importing libraries
2021-05-18 11:51:24,871:INFO:Copying training dataset
2021-05-18 11:51:24,872:INFO:Defining folds
2021-05-18 11:51:24,873:INFO:Declaring metric variables
2021-05-18 11:51:24,873:INFO:Importing untrained model
2021-05-18 11:51:24,873:INFO:Declaring custom model
2021-05-18 11:51:24,874:INFO:CatBoost Classifier Imported succesfully
2021-05-18 11:51:24,875:INFO:Cross validation set to False
2021-05-18 11:51:24,875:INFO:Fitting Model
2021-05-18 11:51:29,419:INFO:<catboost.core.CatBoostClassifier object at 0x7f6d8e829e50>
2021-05-18 11:51:29,419:INFO:create_models() succesfully completed......................................
2021-05-18 11:51:29,837:INFO:create_model_container: 15
2021-05-18 11:51:29,837:INFO:master_model_container: 15
2021-05-18 11:51:29,838:INFO:display_container: 2
2021-05-18 11:51:29,838:INFO:<catboost.core.CatBoostClassifier object at 0x7f6d8e829e50>
2021-05-18 11:51:29,838:INFO:compare_models() succesfully completed......................................
2021-05-18 11:52:24,286:INFO:Initializing create_model()
2021-05-18 11:52:24,294:INFO:create_model(estimator=xgboost, fold=None, round=4, cross_validation=True, predict=True, fit_kwargs=None, groups=None, refit=True, verbose=True, system=True, metrics=None, display=None, kwargs={})
2021-05-18 11:52:24,294:INFO:Checking exceptions
2021-05-18 11:52:24,294:INFO:Preparing display monitor
2021-05-18 11:52:24,352:INFO:Importing libraries
2021-05-18 11:52:24,352:INFO:Copying training dataset
2021-05-18 11:52:24,355:INFO:Defining folds
2021-05-18 11:52:24,356:INFO:Declaring metric variables
2021-05-18 11:52:24,388:INFO:Importing untrained model
2021-05-18 11:52:24,430:INFO:Extreme Gradient Boosting Imported succesfully
2021-05-18 11:52:24,495:INFO:Starting cross validation
2021-05-18 11:52:24,499:INFO:Cross validating with StratifiedKFold(n_splits=10, random_state=None, shuffle=False), n_jobs=-1
2021-05-18 11:53:05,451:INFO:Calculating mean and std
2021-05-18 11:53:05,453:INFO:Creating metrics dataframe
2021-05-18 11:53:05,488:INFO:Finalizing model
2021-05-18 11:53:06,859:INFO:Uploading results into container
2021-05-18 11:53:06,859:INFO:Uploading model into container now
2021-05-18 11:53:06,968:INFO:create_model_container: 16
2021-05-18 11:53:06,968:INFO:master_model_container: 16
2021-05-18 11:53:06,968:INFO:display_container: 3
2021-05-18 11:53:06,973:INFO:XGBClassifier(base_score=0.5, booster='gbtree', colsample_bylevel=1,
              colsample_bynode=1, colsample_bytree=1, gamma=0, gpu_id=-1,
              importance_type='gain', interaction_constraints='',
              learning_rate=0.300000012, max_delta_step=0, max_depth=6,
              min_child_weight=1, missing=nan, monotone_constraints='()',
              n_estimators=100, n_jobs=-1, num_parallel_tree=1,
              objective='binary:logistic', random_state=123, reg_alpha=0,
              reg_lambda=1, scale_pos_weight=1, subsample=1, tree_method='auto',
              use_label_encoder=True, validate_parameters=1, verbosity=0)
2021-05-18 11:53:06,973:INFO:create_model() succesfully completed......................................
2021-05-18 11:53:22,089:INFO:Initializing plot_model()
2021-05-18 11:53:22,089:INFO:plot_model(plot=auc, fold=None, use_train_data=False, verbose=True, is_in_evaluate=False, display=None, display_format=None, estimator=XGBClassifier(base_score=0.5, booster='gbtree', colsample_bylevel=1,
              colsample_bynode=1, colsample_bytree=1, gamma=0, gpu_id=-1,
              importance_type='gain', interaction_constraints='',
              learning_rate=0.300000012, max_delta_step=0, max_depth=6,
              min_child_weight=1, missing=nan, monotone_constraints='()',
              n_estimators=100, n_jobs=-1, num_parallel_tree=1,
              objective='binary:logistic', random_state=123, reg_alpha=0,
              reg_lambda=1, scale_pos_weight=1, subsample=1, tree_method='auto',
              use_label_encoder=True, validate_parameters=1, verbosity=0), feature_name=None, fit_kwargs=None, groups=None, label=False, save=False, scale=1, system=True)
2021-05-18 11:53:22,090:INFO:Checking exceptions
2021-05-18 11:53:22,177:INFO:Preparing display monitor
2021-05-18 11:53:22,191:INFO:Preloading libraries
2021-05-18 11:53:22,246:INFO:Copying training dataset
2021-05-18 11:53:22,247:INFO:Copying test dataset
2021-05-18 11:53:22,249:INFO:Plot type: auc
2021-05-18 11:53:22,472:INFO:Fitting Model
2021-05-18 11:53:22,476:INFO:Scoring test/hold-out set
2021-05-18 11:53:23,011:INFO:Visual Rendered Successfully
2021-05-18 11:53:23,214:INFO:plot_model() succesfully completed......................................
2021-05-18 11:53:38,158:INFO:Initializing plot_model()
2021-05-18 11:53:38,159:INFO:plot_model(plot=confusion_matrix, fold=None, use_train_data=False, verbose=True, is_in_evaluate=False, display=None, display_format=None, estimator=XGBClassifier(base_score=0.5, booster='gbtree', colsample_bylevel=1,
              colsample_bynode=1, colsample_bytree=1, gamma=0, gpu_id=-1,
              importance_type='gain', interaction_constraints='',
              learning_rate=0.300000012, max_delta_step=0, max_depth=6,
              min_child_weight=1, missing=nan, monotone_constraints='()',
              n_estimators=100, n_jobs=-1, num_parallel_tree=1,
              objective='binary:logistic', random_state=123, reg_alpha=0,
              reg_lambda=1, scale_pos_weight=1, subsample=1, tree_method='auto',
              use_label_encoder=True, validate_parameters=1, verbosity=0), feature_name=None, fit_kwargs=None, groups=None, label=False, save=False, scale=1, system=True)
2021-05-18 11:53:38,159:INFO:Checking exceptions
2021-05-18 11:53:38,249:INFO:Preparing display monitor
2021-05-18 11:53:38,263:INFO:Preloading libraries
2021-05-18 11:53:38,315:INFO:Copying training dataset
2021-05-18 11:53:38,317:INFO:Copying test dataset
2021-05-18 11:53:38,319:INFO:Plot type: confusion_matrix
2021-05-18 11:53:38,467:INFO:Fitting Model
2021-05-18 11:53:38,470:INFO:Scoring test/hold-out set
2021-05-18 11:53:38,815:INFO:Visual Rendered Successfully
2021-05-18 11:53:38,988:INFO:plot_model() succesfully completed......................................
2021-05-18 11:53:49,140:INFO:Initializing plot_model()
2021-05-18 11:53:49,140:INFO:plot_model(plot=feature, fold=None, use_train_data=False, verbose=True, is_in_evaluate=False, display=None, display_format=None, estimator=XGBClassifier(base_score=0.5, booster='gbtree', colsample_bylevel=1,
              colsample_bynode=1, colsample_bytree=1, gamma=0, gpu_id=-1,
              importance_type='gain', interaction_constraints='',
              learning_rate=0.300000012, max_delta_step=0, max_depth=6,
              min_child_weight=1, missing=nan, monotone_constraints='()',
              n_estimators=100, n_jobs=-1, num_parallel_tree=1,
              objective='binary:logistic', random_state=123, reg_alpha=0,
              reg_lambda=1, scale_pos_weight=1, subsample=1, tree_method='auto',
              use_label_encoder=True, validate_parameters=1, verbosity=0), feature_name=None, fit_kwargs=None, groups=None, label=False, save=False, scale=1, system=True)
2021-05-18 11:53:49,140:INFO:Checking exceptions
2021-05-18 11:53:49,230:INFO:Preparing display monitor
2021-05-18 11:53:49,248:INFO:Preloading libraries
2021-05-18 11:53:49,301:INFO:Copying training dataset
2021-05-18 11:53:49,302:INFO:Copying test dataset
2021-05-18 11:53:49,303:INFO:Plot type: feature
2021-05-18 11:53:49,454:WARNING:No coef_ found. Trying feature_importances_
2021-05-18 11:53:49,905:INFO:Visual Rendered Successfully
2021-05-18 11:53:50,079:INFO:plot_model() succesfully completed......................................
2021-05-18 11:53:54,585:INFO:Initializing plot_model()
2021-05-18 11:53:54,585:INFO:plot_model(plot=calibration, fold=None, use_train_data=False, verbose=True, is_in_evaluate=False, display=None, display_format=None, estimator=XGBClassifier(base_score=0.5, booster='gbtree', colsample_bylevel=1,
              colsample_bynode=1, colsample_bytree=1, gamma=0, gpu_id=-1,
              importance_type='gain', interaction_constraints='',
              learning_rate=0.300000012, max_delta_step=0, max_depth=6,
              min_child_weight=1, missing=nan, monotone_constraints='()',
              n_estimators=100, n_jobs=-1, num_parallel_tree=1,
              objective='binary:logistic', random_state=123, reg_alpha=0,
              reg_lambda=1, scale_pos_weight=1, subsample=1, tree_method='auto',
              use_label_encoder=True, validate_parameters=1, verbosity=0), feature_name=None, fit_kwargs=None, groups=None, label=False, save=False, scale=1, system=True)
2021-05-18 11:53:54,585:INFO:Checking exceptions
2021-05-18 11:53:54,677:INFO:Preparing display monitor
2021-05-18 11:53:54,694:INFO:Preloading libraries
2021-05-18 11:53:54,743:INFO:Copying training dataset
2021-05-18 11:53:54,744:INFO:Copying test dataset
2021-05-18 11:53:54,745:INFO:Plot type: calibration
2021-05-18 11:53:54,921:INFO:Scoring test/hold-out set
2021-05-18 11:53:55,354:INFO:Visual Rendered Successfully
2021-05-18 11:53:55,546:INFO:plot_model() succesfully completed......................................
2021-05-18 11:55:16,339:INFO:Initializing interpret_model()
2021-05-18 11:55:16,340:INFO:interpret_model(estimator=XGBClassifier(base_score=0.5, booster='gbtree', colsample_bylevel=1,
              colsample_bynode=1, colsample_bytree=1, gamma=0, gpu_id=-1,
              importance_type='gain', interaction_constraints='',
              learning_rate=0.300000012, max_delta_step=0, max_depth=6,
              min_child_weight=1, missing=nan, monotone_constraints='()',
              n_estimators=100, n_jobs=-1, num_parallel_tree=1,
              objective='binary:logistic', random_state=123, reg_alpha=0,
              reg_lambda=1, scale_pos_weight=1, subsample=1, tree_method='auto',
              use_label_encoder=True, validate_parameters=1, verbosity=0), use_train_data=False, X_new_sample=None, feature=None, kwargs={}, observation=None, plot=summary, save=False)
2021-05-18 11:55:16,340:INFO:Checking exceptions
2021-05-18 11:55:21,593:INFO:plot type: summary
2021-05-18 11:55:21,594:INFO:Creating TreeExplainer
2021-05-18 11:55:21,787:INFO:Compiling shap values
2021-05-18 11:55:23,475:INFO:Visual Rendered Successfully
2021-05-18 11:55:23,476:INFO:interpret_model() succesfully completed......................................
2021-05-18 11:57:04,606:INFO:Initializing interpret_model()
2021-05-18 11:57:04,607:INFO:interpret_model(estimator=XGBClassifier(base_score=0.5, booster='gbtree', colsample_bylevel=1,
              colsample_bynode=1, colsample_bytree=1, gamma=0, gpu_id=-1,
              importance_type='gain', interaction_constraints='',
              learning_rate=0.300000012, max_delta_step=0, max_depth=6,
              min_child_weight=1, missing=nan, monotone_constraints='()',
              n_estimators=100, n_jobs=-1, num_parallel_tree=1,
              objective='binary:logistic', random_state=123, reg_alpha=0,
              reg_lambda=1, scale_pos_weight=1, subsample=1, tree_method='auto',
              use_label_encoder=True, validate_parameters=1, verbosity=0), use_train_data=False, X_new_sample=None, feature=None, kwargs={}, observation=None, plot=correlation, save=False)
2021-05-18 11:57:04,607:INFO:Checking exceptions
2021-05-18 11:57:04,607:INFO:plot type: correlation
2021-05-18 11:57:04,607:WARNING:No feature passed. Default value of feature used for correlation plot: account_length
2021-05-18 11:57:04,608:INFO:Creating TreeExplainer
2021-05-18 11:57:04,793:INFO:Compiling shap values
2021-05-18 11:57:05,075:INFO:model type detected: type 2
2021-05-18 11:57:05,640:INFO:Visual Rendered Successfully
2021-05-18 11:57:05,640:INFO:interpret_model() succesfully completed......................................
2021-05-18 11:57:19,152:INFO:Initializing interpret_model()
2021-05-18 11:57:19,153:INFO:interpret_model(estimator=XGBClassifier(base_score=0.5, booster='gbtree', colsample_bylevel=1,
              colsample_bynode=1, colsample_bytree=1, gamma=0, gpu_id=-1,
              importance_type='gain', interaction_constraints='',
              learning_rate=0.300000012, max_delta_step=0, max_depth=6,
              min_child_weight=1, missing=nan, monotone_constraints='()',
              n_estimators=100, n_jobs=-1, num_parallel_tree=1,
              objective='binary:logistic', random_state=123, reg_alpha=0,
              reg_lambda=1, scale_pos_weight=1, subsample=1, tree_method='auto',
              use_label_encoder=True, validate_parameters=1, verbosity=0), use_train_data=False, X_new_sample=None, feature=None, kwargs={}, observation=None, plot=reason, save=False)
2021-05-18 11:57:19,153:INFO:Checking exceptions
2021-05-18 11:57:19,153:INFO:plot type: reason
2021-05-18 11:57:19,154:INFO:model type detected: type 2
2021-05-18 11:57:19,154:INFO:Creating TreeExplainer
2021-05-18 11:57:19,343:INFO:Compiling shap values
2021-05-18 11:57:19,640:WARNING:Observation set to None. Model agnostic plot will be rendered.
2021-05-18 11:57:25,844:INFO:Visual Rendered Successfully
2021-05-18 11:57:25,845:INFO:interpret_model() succesfully completed......................................
2021-05-18 11:58:32,213:INFO:Initializing interpret_model()
2021-05-18 11:58:32,213:INFO:interpret_model(estimator=XGBClassifier(base_score=0.5, booster='gbtree', colsample_bylevel=1,
              colsample_bynode=1, colsample_bytree=1, gamma=0, gpu_id=-1,
              importance_type='gain', interaction_constraints='',
              learning_rate=0.300000012, max_delta_step=0, max_depth=6,
              min_child_weight=1, missing=nan, monotone_constraints='()',
              n_estimators=100, n_jobs=-1, num_parallel_tree=1,
              objective='binary:logistic', random_state=123, reg_alpha=0,
              reg_lambda=1, scale_pos_weight=1, subsample=1, tree_method='auto',
              use_label_encoder=True, validate_parameters=1, verbosity=0), use_train_data=False, X_new_sample=None, feature=None, kwargs={}, observation=10, plot=reason, save=False)
2021-05-18 11:58:32,214:INFO:Checking exceptions
2021-05-18 11:58:32,214:INFO:plot type: reason
2021-05-18 11:58:32,215:INFO:model type detected: type 2
2021-05-18 11:58:32,215:INFO:Creating TreeExplainer
2021-05-18 11:58:32,403:INFO:Compiling shap values
2021-05-18 11:58:32,771:INFO:Visual Rendered Successfully
2021-05-18 11:58:32,771:INFO:interpret_model() succesfully completed......................................
2021-05-18 11:58:59,986:INFO:Initializing predict_model()
2021-05-18 11:58:59,986:INFO:predict_model(estimator=XGBClassifier(base_score=0.5, booster='gbtree', colsample_bylevel=1,
              colsample_bynode=1, colsample_bytree=1, gamma=0, gpu_id=-1,
              importance_type='gain', interaction_constraints='',
              learning_rate=0.300000012, max_delta_step=0, max_depth=6,
              min_child_weight=1, missing=nan, monotone_constraints='()',
              n_estimators=100, n_jobs=-1, num_parallel_tree=1,
              objective='binary:logistic', random_state=123, reg_alpha=0,
              reg_lambda=1, scale_pos_weight=1, subsample=1, tree_method='auto',
              use_label_encoder=True, validate_parameters=1, verbosity=0), probability_threshold=None, encoded_labels=False, raw_score=False, round=4, verbose=True, ml_usecase=MLUsecase.CLASSIFICATION, display=None)
2021-05-18 11:58:59,987:INFO:Checking exceptions
2021-05-18 11:58:59,988:INFO:Preloading libraries
2021-05-18 11:58:59,988:INFO:Preparing display monitor
2021-05-18 11:59:50,649:INFO:Initializing predict_model()
2021-05-18 11:59:50,649:INFO:predict_model(estimator=XGBClassifier(base_score=0.5, booster='gbtree', colsample_bylevel=1,
              colsample_bynode=1, colsample_bytree=1, gamma=0, gpu_id=-1,
              importance_type='gain', interaction_constraints='',
              learning_rate=0.300000012, max_delta_step=0, max_depth=6,
              min_child_weight=1, missing=nan, monotone_constraints='()',
              n_estimators=100, n_jobs=-1, num_parallel_tree=1,
              objective='binary:logistic', random_state=123, reg_alpha=0,
              reg_lambda=1, scale_pos_weight=1, subsample=1, tree_method='auto',
              use_label_encoder=True, validate_parameters=1, verbosity=0), probability_threshold=None, encoded_labels=False, raw_score=False, round=4, verbose=True, ml_usecase=MLUsecase.CLASSIFICATION, display=None)
2021-05-18 11:59:50,649:INFO:Checking exceptions
2021-05-18 11:59:50,649:INFO:Preloading libraries
2021-05-18 11:59:50,649:INFO:Preparing display monitor
2021-05-18 12:29:21,900:INFO:PyCaret Supervised Module
2021-05-18 12:29:21,901:INFO:ML Usecase: classification
2021-05-18 12:29:21,902:INFO:version 2.3.1
2021-05-18 12:29:21,902:INFO:Initializing setup()
2021-05-18 12:29:21,902:INFO:setup(target=churn, ml_usecase=classification, available_plots={'parameter': 'Hyperparameters', 'auc': 'AUC', 'confusion_matrix': 'Confusion Matrix', 'threshold': 'Threshold', 'pr': 'Precision Recall', 'error': 'Prediction Error', 'class_report': 'Class Report', 'rfe': 'Feature Selection', 'learning': 'Learning Curve', 'manifold': 'Manifold Learning', 'calibration': 'Calibration Curve', 'vc': 'Validation Curve', 'dimension': 'Dimensions', 'feature': 'Feature Importance', 'feature_all': 'Feature Importance (All)', 'boundary': 'Decision Boundary', 'lift': 'Lift Chart', 'gain': 'Gain Chart', 'tree': 'Decision Tree'}, train_size=0.7, test_data=None, preprocess=True, imputation_type=simple, iterative_imputation_iters=5, categorical_features=None, categorical_imputation=constant, categorical_iterative_imputer=lightgbm, ordinal_features=None, high_cardinality_features=None, high_cardinality_method=frequency, numeric_features=None, numeric_imputation=mean, numeric_iterative_imputer=lightgbm, date_features=None, ignore_features=None, normalize=False, normalize_method=zscore, transformation=False, transformation_method=yeo-johnson, handle_unknown_categorical=True, unknown_categorical_method=least_frequent, pca=False, pca_method=linear, pca_components=None, ignore_low_variance=False, combine_rare_levels=False, rare_level_threshold=0.1, bin_numeric_features=None, remove_outliers=False, outliers_threshold=0.05, remove_multicollinearity=False, multicollinearity_threshold=0.9, remove_perfect_collinearity=True, create_clusters=False, cluster_iter=20, polynomial_features=False, polynomial_degree=2, trigonometry_features=False, polynomial_threshold=0.1, group_features=None, group_names=None, feature_selection=False, feature_selection_threshold=0.8, feature_selection_method=classic, feature_interaction=False, feature_ratio=False, interaction_threshold=0.01, fix_imbalance=False, fix_imbalance_method=None, transform_target=False, transform_target_method=box-cox, data_split_shuffle=True, data_split_stratify=False, fold_strategy=stratifiedkfold, fold=10, fold_shuffle=False, fold_groups=None, n_jobs=-1, use_gpu=False, custom_pipeline=None, html=True, session_id=123, log_experiment=False, experiment_name=None, log_plots=False, log_profile=False, log_data=False, silent=False, verbose=True, profile=False, profile_kwargs=None, display=None)
2021-05-18 12:29:21,903:INFO:Checking environment
2021-05-18 12:29:21,903:INFO:python_version: 3.7.6
2021-05-18 12:29:21,904:INFO:python_build: ('default', 'Jan  8 2020 19:59:22')
2021-05-18 12:29:21,904:INFO:machine: x86_64
2021-05-18 12:29:21,905:INFO:platform: Linux-5.4.0-73-generic-x86_64-with-debian-buster-sid
2021-05-18 12:29:21,906:INFO:Memory: svmem(total=12058353664, available=7504412672, percent=37.8, used=4042936320, free=4710457344, active=4793827328, inactive=1898160128, buffers=394862592, cached=2910097408, shared=211603456, slab=290455552)
2021-05-18 12:29:21,907:INFO:Physical Core: 4
2021-05-18 12:29:21,908:INFO:Logical Core: 4
2021-05-18 12:29:21,908:INFO:Checking libraries
2021-05-18 12:29:21,908:INFO:pd==1.0.3
2021-05-18 12:29:21,908:INFO:numpy==1.19.5
2021-05-18 12:29:21,908:INFO:sklearn==0.23.2
2021-05-18 12:29:21,908:INFO:lightgbm==3.2.1
2021-05-18 12:29:21,926:INFO:catboost==0.25.1
2021-05-18 12:29:21,949:INFO:xgboost==1.4.1
2021-05-18 12:29:22,396:INFO:mlflow==1.16.0
2021-05-18 12:29:22,396:INFO:Checking Exceptions
2021-05-18 12:29:22,396:INFO:Declaring global variables
2021-05-18 12:29:22,396:INFO:USI: 6363
2021-05-18 12:29:22,396:INFO:pycaret_globals: {'target_param', 'y_train', 'data_before_preprocess', 'create_model_container', 'X_train', 'pycaret_globals', 'fold_shuffle_param', 'y', 'fold_groups_param_full', 'html_param', 'gpu_param', 'master_model_container', 'fold_groups_param', 'experiment__', 'n_jobs_param', '_ml_usecase', '_gpu_n_jobs_param', 'fix_imbalance_method_param', 'exp_name_log', 'transform_target_method_param', '_internal_pipeline', 'y_test', 'fold_param', '_available_plots', '_all_metrics', 'display_container', '_all_models_internal', 'USI', 'fold_generator', 'prep_pipe', 'imputation_classifier', 'stratify_param', 'iterative_imputation_iters_param', 'transform_target_param', 'X', 'seed', 'logging_param', 'fix_imbalance_param', '_all_models', 'log_plots_param', 'X_test', 'imputation_regressor'}
2021-05-18 12:29:22,396:INFO:Preparing display monitor
2021-05-18 12:29:22,397:INFO:Preparing display monitor
2021-05-18 12:29:22,426:INFO:Importing libraries
2021-05-18 12:29:22,426:INFO:Copying data for preprocessing
2021-05-18 12:29:22,447:INFO:Declaring preprocessing parameters
2021-05-18 12:29:22,450:INFO:Creating preprocessing pipeline
2021-05-18 12:29:22,479:INFO:Preprocessing pipeline created successfully
2021-05-18 12:29:22,480:ERROR:(Process Exit): setup has been interupted with user command 'quit'. setup must rerun.
2021-05-18 12:29:22,480:INFO:Creating global containers
2021-05-18 12:29:22,481:INFO:Internal pipeline: Pipeline(memory=None, steps=[('empty_step', 'passthrough')], verbose=False)
