2021-11-23 23:30:07,920:INFO:PyCaret Supervised Module
2021-11-23 23:30:07,921:INFO:ML Usecase: classification
2021-11-23 23:30:07,922:INFO:version 2.3.5
2021-11-23 23:30:07,922:INFO:Initializing setup()
2021-11-23 23:30:07,922:INFO:setup(target=aprovado_vaga, ml_usecase=classification, available_plots={'parameter': 'Hyperparameters', 'auc': 'AUC', 'confusion_matrix': 'Confusion Matrix', 'threshold': 'Threshold', 'pr': 'Precision Recall', 'error': 'Prediction Error', 'class_report': 'Class Report', 'rfe': 'Feature Selection', 'learning': 'Learning Curve', 'manifold': 'Manifold Learning', 'calibration': 'Calibration Curve', 'vc': 'Validation Curve', 'dimension': 'Dimensions', 'feature': 'Feature Importance', 'feature_all': 'Feature Importance (All)', 'boundary': 'Decision Boundary', 'lift': 'Lift Chart', 'gain': 'Gain Chart', 'tree': 'Decision Tree', 'ks': 'KS Statistic Plot'}, train_size=0.7, test_data=None, preprocess=True, imputation_type=simple, iterative_imputation_iters=5, categorical_features=None, categorical_imputation=constant, categorical_iterative_imputer=lightgbm, ordinal_features=None, high_cardinality_features=None, high_cardinality_method=frequency, numeric_features=None, numeric_imputation=mean, numeric_iterative_imputer=lightgbm, date_features=None, ignore_features=None, normalize=False, normalize_method=zscore, transformation=False, transformation_method=yeo-johnson, handle_unknown_categorical=True, unknown_categorical_method=least_frequent, pca=False, pca_method=linear, pca_components=None, ignore_low_variance=False, combine_rare_levels=False, rare_level_threshold=0.1, bin_numeric_features=None, remove_outliers=False, outliers_threshold=0.05, remove_multicollinearity=False, multicollinearity_threshold=0.9, remove_perfect_collinearity=True, create_clusters=False, cluster_iter=20, polynomial_features=False, polynomial_degree=2, trigonometry_features=False, polynomial_threshold=0.1, group_features=None, group_names=None, feature_selection=False, feature_selection_threshold=0.8, feature_selection_method=classic, feature_interaction=False, feature_ratio=False, interaction_threshold=0.01, fix_imbalance=False, fix_imbalance_method=None, transform_target=False, transform_target_method=box-cox, data_split_shuffle=True, data_split_stratify=False, fold_strategy=stratifiedkfold, fold=10, fold_shuffle=False, fold_groups=None, n_jobs=-1, use_gpu=False, custom_pipeline=None, html=True, session_id=13, log_experiment=False, experiment_name=None, log_plots=False, log_profile=False, log_data=False, silent=False, verbose=True, profile=False, profile_kwargs=None, display=None)
2021-11-23 23:30:07,923:INFO:Checking environment
2021-11-23 23:30:07,923:INFO:python_version: 3.8.8
2021-11-23 23:30:07,923:INFO:python_build: ('default', 'Apr 13 2021 19:58:26')
2021-11-23 23:30:07,923:INFO:machine: x86_64
2021-11-23 23:30:07,992:INFO:platform: Linux-5.4.0-90-generic-x86_64-with-glibc2.10
2021-11-23 23:30:07,993:INFO:Memory: svmem(total=12058349568, available=3181547520, percent=73.6, used=8144941056, free=600969216, active=9477197824, inactive=1047363584, buffers=570433536, cached=2742005760, shared=410660864, slab=318873600)
2021-11-23 23:30:07,994:INFO:Physical Core: 2
2021-11-23 23:30:07,994:INFO:Logical Core: 4
2021-11-23 23:30:07,994:INFO:Checking libraries
2021-11-23 23:30:07,994:INFO:pd==1.3.4
2021-11-23 23:30:07,994:INFO:numpy==1.21.4
2021-11-23 23:30:07,994:INFO:sklearn==0.24.2
2021-11-23 23:30:27,884:INFO:PyCaret Supervised Module
2021-11-23 23:30:27,885:INFO:ML Usecase: classification
2021-11-23 23:30:27,886:INFO:version 2.3.5
2021-11-23 23:30:27,886:INFO:Initializing setup()
2021-11-23 23:30:27,886:INFO:setup(target=aprovado_vaga, ml_usecase=classification, available_plots={'parameter': 'Hyperparameters', 'auc': 'AUC', 'confusion_matrix': 'Confusion Matrix', 'threshold': 'Threshold', 'pr': 'Precision Recall', 'error': 'Prediction Error', 'class_report': 'Class Report', 'rfe': 'Feature Selection', 'learning': 'Learning Curve', 'manifold': 'Manifold Learning', 'calibration': 'Calibration Curve', 'vc': 'Validation Curve', 'dimension': 'Dimensions', 'feature': 'Feature Importance', 'feature_all': 'Feature Importance (All)', 'boundary': 'Decision Boundary', 'lift': 'Lift Chart', 'gain': 'Gain Chart', 'tree': 'Decision Tree', 'ks': 'KS Statistic Plot'}, train_size=0.7, test_data=None, preprocess=True, imputation_type=simple, iterative_imputation_iters=5, categorical_features=None, categorical_imputation=constant, categorical_iterative_imputer=lightgbm, ordinal_features=None, high_cardinality_features=None, high_cardinality_method=frequency, numeric_features=None, numeric_imputation=mean, numeric_iterative_imputer=lightgbm, date_features=None, ignore_features=None, normalize=False, normalize_method=zscore, transformation=False, transformation_method=yeo-johnson, handle_unknown_categorical=True, unknown_categorical_method=least_frequent, pca=False, pca_method=linear, pca_components=None, ignore_low_variance=False, combine_rare_levels=False, rare_level_threshold=0.1, bin_numeric_features=None, remove_outliers=False, outliers_threshold=0.05, remove_multicollinearity=False, multicollinearity_threshold=0.9, remove_perfect_collinearity=True, create_clusters=False, cluster_iter=20, polynomial_features=False, polynomial_degree=2, trigonometry_features=False, polynomial_threshold=0.1, group_features=None, group_names=None, feature_selection=False, feature_selection_threshold=0.8, feature_selection_method=classic, feature_interaction=False, feature_ratio=False, interaction_threshold=0.01, fix_imbalance=False, fix_imbalance_method=None, transform_target=False, transform_target_method=box-cox, data_split_shuffle=True, data_split_stratify=False, fold_strategy=stratifiedkfold, fold=10, fold_shuffle=False, fold_groups=None, n_jobs=-1, use_gpu=False, custom_pipeline=None, html=True, session_id=13, log_experiment=False, experiment_name=None, log_plots=False, log_profile=False, log_data=False, silent=False, verbose=True, profile=False, profile_kwargs=None, display=None)
2021-11-23 23:30:27,886:INFO:Checking environment
2021-11-23 23:30:27,886:INFO:python_version: 3.8.8
2021-11-23 23:30:27,886:INFO:python_build: ('default', 'Apr 13 2021 19:58:26')
2021-11-23 23:30:27,886:INFO:machine: x86_64
2021-11-23 23:30:27,886:INFO:platform: Linux-5.4.0-90-generic-x86_64-with-glibc2.10
2021-11-23 23:30:27,887:INFO:Memory: svmem(total=12058349568, available=3178364928, percent=73.6, used=8148078592, free=597192704, active=9480724480, inactive=1048051712, buffers=570470400, cached=2742607872, shared=410828800, slab=318857216)
2021-11-23 23:30:27,888:INFO:Physical Core: 2
2021-11-23 23:30:27,888:INFO:Logical Core: 4
2021-11-23 23:30:27,888:INFO:Checking libraries
2021-11-23 23:30:27,889:INFO:pd==1.3.4
2021-11-23 23:30:27,889:INFO:numpy==1.21.4
2021-11-23 23:30:27,889:INFO:sklearn==0.24.2
2021-11-23 23:30:35,232:INFO:PyCaret Supervised Module
2021-11-23 23:30:35,233:INFO:ML Usecase: classification
2021-11-23 23:30:35,233:INFO:version 2.3.5
2021-11-23 23:30:35,233:INFO:Initializing setup()
2021-11-23 23:30:35,236:INFO:setup(target=aprovado_vaga, ml_usecase=classification, available_plots={'parameter': 'Hyperparameters', 'auc': 'AUC', 'confusion_matrix': 'Confusion Matrix', 'threshold': 'Threshold', 'pr': 'Precision Recall', 'error': 'Prediction Error', 'class_report': 'Class Report', 'rfe': 'Feature Selection', 'learning': 'Learning Curve', 'manifold': 'Manifold Learning', 'calibration': 'Calibration Curve', 'vc': 'Validation Curve', 'dimension': 'Dimensions', 'feature': 'Feature Importance', 'feature_all': 'Feature Importance (All)', 'boundary': 'Decision Boundary', 'lift': 'Lift Chart', 'gain': 'Gain Chart', 'tree': 'Decision Tree', 'ks': 'KS Statistic Plot'}, train_size=0.7, test_data=None, preprocess=True, imputation_type=simple, iterative_imputation_iters=5, categorical_features=None, categorical_imputation=constant, categorical_iterative_imputer=lightgbm, ordinal_features=None, high_cardinality_features=None, high_cardinality_method=frequency, numeric_features=None, numeric_imputation=mean, numeric_iterative_imputer=lightgbm, date_features=None, ignore_features=None, normalize=False, normalize_method=zscore, transformation=False, transformation_method=yeo-johnson, handle_unknown_categorical=True, unknown_categorical_method=least_frequent, pca=False, pca_method=linear, pca_components=None, ignore_low_variance=False, combine_rare_levels=False, rare_level_threshold=0.1, bin_numeric_features=None, remove_outliers=False, outliers_threshold=0.05, remove_multicollinearity=False, multicollinearity_threshold=0.9, remove_perfect_collinearity=True, create_clusters=False, cluster_iter=20, polynomial_features=False, polynomial_degree=2, trigonometry_features=False, polynomial_threshold=0.1, group_features=None, group_names=None, feature_selection=False, feature_selection_threshold=0.8, feature_selection_method=classic, feature_interaction=False, feature_ratio=False, interaction_threshold=0.01, fix_imbalance=False, fix_imbalance_method=None, transform_target=False, transform_target_method=box-cox, data_split_shuffle=True, data_split_stratify=False, fold_strategy=stratifiedkfold, fold=10, fold_shuffle=False, fold_groups=None, n_jobs=-1, use_gpu=False, custom_pipeline=None, html=True, session_id=13, log_experiment=False, experiment_name=None, log_plots=False, log_profile=False, log_data=False, silent=False, verbose=True, profile=False, profile_kwargs=None, display=None)
2021-11-23 23:30:35,236:INFO:Checking environment
2021-11-23 23:30:35,236:INFO:python_version: 3.8.8
2021-11-23 23:30:35,237:INFO:python_build: ('default', 'Apr 13 2021 19:58:26')
2021-11-23 23:30:35,237:INFO:machine: x86_64
2021-11-23 23:30:35,237:INFO:platform: Linux-5.4.0-90-generic-x86_64-with-glibc2.10
2021-11-23 23:30:35,238:INFO:Memory: svmem(total=12058349568, available=3185164288, percent=73.6, used=8141709312, free=603947008, active=9474191360, inactive=1047621632, buffers=570511360, cached=2742181888, shared=410398720, slab=318840832)
2021-11-23 23:30:35,239:INFO:Physical Core: 2
2021-11-23 23:30:35,239:INFO:Logical Core: 4
2021-11-23 23:30:35,239:INFO:Checking libraries
2021-11-23 23:30:35,239:INFO:pd==1.3.4
2021-11-23 23:30:35,240:INFO:numpy==1.21.4
2021-11-23 23:30:35,240:INFO:sklearn==0.24.2
2021-11-23 23:31:33,447:INFO:PyCaret Supervised Module
2021-11-23 23:31:33,447:INFO:ML Usecase: classification
2021-11-23 23:31:33,448:INFO:version 2.3.5
2021-11-23 23:31:33,449:INFO:Initializing setup()
2021-11-23 23:31:33,449:INFO:setup(target=aprovado_vaga, ml_usecase=classification, available_plots={'parameter': 'Hyperparameters', 'auc': 'AUC', 'confusion_matrix': 'Confusion Matrix', 'threshold': 'Threshold', 'pr': 'Precision Recall', 'error': 'Prediction Error', 'class_report': 'Class Report', 'rfe': 'Feature Selection', 'learning': 'Learning Curve', 'manifold': 'Manifold Learning', 'calibration': 'Calibration Curve', 'vc': 'Validation Curve', 'dimension': 'Dimensions', 'feature': 'Feature Importance', 'feature_all': 'Feature Importance (All)', 'boundary': 'Decision Boundary', 'lift': 'Lift Chart', 'gain': 'Gain Chart', 'tree': 'Decision Tree', 'ks': 'KS Statistic Plot'}, train_size=0.7, test_data=None, preprocess=True, imputation_type=simple, iterative_imputation_iters=5, categorical_features=None, categorical_imputation=constant, categorical_iterative_imputer=lightgbm, ordinal_features=None, high_cardinality_features=None, high_cardinality_method=frequency, numeric_features=None, numeric_imputation=mean, numeric_iterative_imputer=lightgbm, date_features=None, ignore_features=None, normalize=False, normalize_method=zscore, transformation=False, transformation_method=yeo-johnson, handle_unknown_categorical=True, unknown_categorical_method=least_frequent, pca=False, pca_method=linear, pca_components=None, ignore_low_variance=False, combine_rare_levels=False, rare_level_threshold=0.1, bin_numeric_features=None, remove_outliers=False, outliers_threshold=0.05, remove_multicollinearity=False, multicollinearity_threshold=0.9, remove_perfect_collinearity=True, create_clusters=False, cluster_iter=20, polynomial_features=False, polynomial_degree=2, trigonometry_features=False, polynomial_threshold=0.1, group_features=None, group_names=None, feature_selection=False, feature_selection_threshold=0.8, feature_selection_method=classic, feature_interaction=False, feature_ratio=False, interaction_threshold=0.01, fix_imbalance=False, fix_imbalance_method=None, transform_target=False, transform_target_method=box-cox, data_split_shuffle=True, data_split_stratify=False, fold_strategy=stratifiedkfold, fold=10, fold_shuffle=False, fold_groups=None, n_jobs=-1, use_gpu=False, custom_pipeline=None, html=True, session_id=13, log_experiment=False, experiment_name=None, log_plots=False, log_profile=False, log_data=False, silent=False, verbose=True, profile=False, profile_kwargs=None, display=None)
2021-11-23 23:31:33,449:INFO:Checking environment
2021-11-23 23:31:33,449:INFO:python_version: 3.8.8
2021-11-23 23:31:33,449:INFO:python_build: ('default', 'Apr 13 2021 19:58:26')
2021-11-23 23:31:33,449:INFO:machine: x86_64
2021-11-23 23:31:33,449:INFO:platform: Linux-5.4.0-90-generic-x86_64-with-glibc2.10
2021-11-23 23:31:33,449:INFO:Memory: svmem(total=12058349568, available=3124269056, percent=74.1, used=8209104896, free=502095872, active=9548079104, inactive=1072119808, buffers=571928576, cached=2775220224, shared=403091456, slab=319897600)
2021-11-23 23:31:33,450:INFO:Physical Core: 2
2021-11-23 23:31:33,450:INFO:Logical Core: 4
2021-11-23 23:31:33,450:INFO:Checking libraries
2021-11-23 23:31:33,451:INFO:pd==1.3.4
2021-11-23 23:31:33,451:INFO:numpy==1.21.4
2021-11-23 23:31:33,451:INFO:sklearn==0.24.2
2021-11-23 23:33:27,040:INFO:PyCaret Supervised Module
2021-11-23 23:33:27,040:INFO:ML Usecase: classification
2021-11-23 23:33:27,041:INFO:version 2.3.5
2021-11-23 23:33:27,041:INFO:Initializing setup()
2021-11-23 23:33:27,041:INFO:setup(target=aprovado_vaga, ml_usecase=classification, available_plots={'parameter': 'Hyperparameters', 'auc': 'AUC', 'confusion_matrix': 'Confusion Matrix', 'threshold': 'Threshold', 'pr': 'Precision Recall', 'error': 'Prediction Error', 'class_report': 'Class Report', 'rfe': 'Feature Selection', 'learning': 'Learning Curve', 'manifold': 'Manifold Learning', 'calibration': 'Calibration Curve', 'vc': 'Validation Curve', 'dimension': 'Dimensions', 'feature': 'Feature Importance', 'feature_all': 'Feature Importance (All)', 'boundary': 'Decision Boundary', 'lift': 'Lift Chart', 'gain': 'Gain Chart', 'tree': 'Decision Tree', 'ks': 'KS Statistic Plot'}, train_size=0.7, test_data=None, preprocess=True, imputation_type=simple, iterative_imputation_iters=5, categorical_features=None, categorical_imputation=constant, categorical_iterative_imputer=lightgbm, ordinal_features=None, high_cardinality_features=None, high_cardinality_method=frequency, numeric_features=None, numeric_imputation=mean, numeric_iterative_imputer=lightgbm, date_features=None, ignore_features=None, normalize=False, normalize_method=zscore, transformation=False, transformation_method=yeo-johnson, handle_unknown_categorical=True, unknown_categorical_method=least_frequent, pca=False, pca_method=linear, pca_components=None, ignore_low_variance=False, combine_rare_levels=False, rare_level_threshold=0.1, bin_numeric_features=None, remove_outliers=False, outliers_threshold=0.05, remove_multicollinearity=False, multicollinearity_threshold=0.9, remove_perfect_collinearity=True, create_clusters=False, cluster_iter=20, polynomial_features=False, polynomial_degree=2, trigonometry_features=False, polynomial_threshold=0.1, group_features=None, group_names=None, feature_selection=False, feature_selection_threshold=0.8, feature_selection_method=classic, feature_interaction=False, feature_ratio=False, interaction_threshold=0.01, fix_imbalance=False, fix_imbalance_method=None, transform_target=False, transform_target_method=box-cox, data_split_shuffle=True, data_split_stratify=False, fold_strategy=stratifiedkfold, fold=10, fold_shuffle=False, fold_groups=None, n_jobs=-1, use_gpu=False, custom_pipeline=None, html=True, session_id=123, log_experiment=False, experiment_name=None, log_plots=False, log_profile=False, log_data=False, silent=False, verbose=True, profile=False, profile_kwargs=None, display=None)
2021-11-23 23:33:27,041:INFO:Checking environment
2021-11-23 23:33:27,042:INFO:python_version: 3.8.8
2021-11-23 23:33:27,042:INFO:python_build: ('default', 'Apr 13 2021 19:58:26')
2021-11-23 23:33:27,042:INFO:machine: x86_64
2021-11-23 23:33:27,042:INFO:platform: Linux-5.4.0-90-generic-x86_64-with-glibc2.10
2021-11-23 23:33:27,042:INFO:Memory: svmem(total=12058349568, available=3005808640, percent=75.1, used=8299823104, free=383361024, active=9632972800, inactive=1109815296, buffers=572784640, cached=2802380800, shared=430989312, slab=320835584)
2021-11-23 23:33:27,043:INFO:Physical Core: 2
2021-11-23 23:33:27,043:INFO:Logical Core: 4
2021-11-23 23:33:27,044:INFO:Checking libraries
2021-11-23 23:33:27,044:INFO:pd==1.3.4
2021-11-23 23:33:27,044:INFO:numpy==1.21.4
2021-11-23 23:33:27,044:INFO:sklearn==0.24.2
2021-11-23 23:34:29,507:INFO:PyCaret Supervised Module
2021-11-23 23:34:29,507:INFO:ML Usecase: classification
2021-11-23 23:34:29,508:INFO:version 2.3.5
2021-11-23 23:34:29,508:INFO:Initializing setup()
2021-11-23 23:34:29,508:INFO:setup(target=aprovado_vaga, ml_usecase=classification, available_plots={'parameter': 'Hyperparameters', 'auc': 'AUC', 'confusion_matrix': 'Confusion Matrix', 'threshold': 'Threshold', 'pr': 'Precision Recall', 'error': 'Prediction Error', 'class_report': 'Class Report', 'rfe': 'Feature Selection', 'learning': 'Learning Curve', 'manifold': 'Manifold Learning', 'calibration': 'Calibration Curve', 'vc': 'Validation Curve', 'dimension': 'Dimensions', 'feature': 'Feature Importance', 'feature_all': 'Feature Importance (All)', 'boundary': 'Decision Boundary', 'lift': 'Lift Chart', 'gain': 'Gain Chart', 'tree': 'Decision Tree', 'ks': 'KS Statistic Plot'}, train_size=0.7, test_data=None, preprocess=True, imputation_type=simple, iterative_imputation_iters=5, categorical_features=None, categorical_imputation=constant, categorical_iterative_imputer=lightgbm, ordinal_features=None, high_cardinality_features=None, high_cardinality_method=frequency, numeric_features=None, numeric_imputation=mean, numeric_iterative_imputer=lightgbm, date_features=None, ignore_features=None, normalize=False, normalize_method=zscore, transformation=False, transformation_method=yeo-johnson, handle_unknown_categorical=True, unknown_categorical_method=least_frequent, pca=False, pca_method=linear, pca_components=None, ignore_low_variance=False, combine_rare_levels=False, rare_level_threshold=0.1, bin_numeric_features=None, remove_outliers=False, outliers_threshold=0.05, remove_multicollinearity=False, multicollinearity_threshold=0.9, remove_perfect_collinearity=True, create_clusters=False, cluster_iter=20, polynomial_features=False, polynomial_degree=2, trigonometry_features=False, polynomial_threshold=0.1, group_features=None, group_names=None, feature_selection=False, feature_selection_threshold=0.8, feature_selection_method=classic, feature_interaction=False, feature_ratio=False, interaction_threshold=0.01, fix_imbalance=False, fix_imbalance_method=None, transform_target=False, transform_target_method=box-cox, data_split_shuffle=True, data_split_stratify=False, fold_strategy=stratifiedkfold, fold=10, fold_shuffle=False, fold_groups=None, n_jobs=-1, use_gpu=False, custom_pipeline=None, html=True, session_id=123, log_experiment=False, experiment_name=None, log_plots=False, log_profile=False, log_data=False, silent=False, verbose=True, profile=False, profile_kwargs=None, display=None)
2021-11-23 23:34:29,508:INFO:Checking environment
2021-11-23 23:34:29,508:INFO:python_version: 3.8.8
2021-11-23 23:34:29,509:INFO:python_build: ('default', 'Apr 13 2021 19:58:26')
2021-11-23 23:34:29,509:INFO:machine: x86_64
2021-11-23 23:34:29,509:INFO:platform: Linux-5.4.0-90-generic-x86_64-with-glibc2.10
2021-11-23 23:34:29,509:INFO:Memory: svmem(total=12058349568, available=3010408448, percent=75.0, used=8297385984, free=312025088, active=9625268224, inactive=1183326208, buffers=573857792, cached=2875080704, shared=427839488, slab=323039232)
2021-11-23 23:34:29,510:INFO:Physical Core: 2
2021-11-23 23:34:29,511:INFO:Logical Core: 4
2021-11-23 23:34:29,511:INFO:Checking libraries
2021-11-23 23:34:29,511:INFO:pd==1.3.4
2021-11-23 23:34:29,511:INFO:numpy==1.21.4
2021-11-23 23:34:29,511:INFO:sklearn==0.24.2
